
*** Running vivado
    with args -log sorting_engine.vds -m64 -product Vivado -mode batch -messageDb vivado.pb -notrace -source sorting_engine.tcl


ECHO is off.
ECHO is off.

****** Vivado v2023.2 (64-bit)
  **** SW Build 4029153 on Fri Oct 13 20:14:34 MDT 2023
  **** IP Build 4028589 on Sat Oct 14 00:45:43 MDT 2023
  **** SharedData Build 4025554 on Tue Oct 10 17:18:54 MDT 2023
    ** Copyright 1986-2022 Xilinx, Inc. All Rights Reserved.
    ** Copyright 2022-2023 Advanced Micro Devices, Inc. All Rights Reserved.

source sorting_engine.tcl -notrace
Command: synth_design -top sorting_engine -part xc7a35tcpg236-1
Starting synth_design
Attempting to get a license for feature 'Synthesis' and/or device 'xc7a35t'
INFO: [Common 17-349] Got license for feature 'Synthesis' and/or device 'xc7a35t'
INFO: [Synth 8-7079] Multithreading enabled for synth_design using a maximum of 2 processes.
INFO: [Synth 8-7078] Launching helper process for spawning children vivado processes
INFO: [Synth 8-7075] Helper process launched with PID 21460
---------------------------------------------------------------------------------
Starting Synthesize : Time (s): cpu = 00:00:06 ; elapsed = 00:00:08 . Memory (MB): peak = 918.285 ; gain = 444.207
---------------------------------------------------------------------------------
INFO: [Synth 8-6157] synthesizing module 'sorting_engine' [D:/CHACKS/comp_free_sort-29-09-24/comp_free_sort.srcs/sources_1/new/sorting_engine.v:3]
INFO: [Synth 8-6157] synthesizing module 'Block' [D:/CHACKS/comp_free_sort-29-09-24/comp_free_sort.srcs/sources_1/new/Block.v:23]
INFO: [Synth 8-6157] synthesizing module 'Cell' [D:/CHACKS/comp_free_sort-29-09-24/comp_free_sort.srcs/sources_1/new/Cell.v:23]
INFO: [Synth 8-6155] done synthesizing module 'Cell' (0#1) [D:/CHACKS/comp_free_sort-29-09-24/comp_free_sort.srcs/sources_1/new/Cell.v:23]
INFO: [Synth 8-6155] done synthesizing module 'Block' (0#1) [D:/CHACKS/comp_free_sort-29-09-24/comp_free_sort.srcs/sources_1/new/Block.v:23]
INFO: [Synth 8-6157] synthesizing module 'LED' [D:/CHACKS/comp_free_sort-29-09-24/comp_free_sort.srcs/sources_1/new/LED.v:23]
INFO: [Synth 8-6157] synthesizing module 'LED_int' [D:/CHACKS/comp_free_sort-29-09-24/comp_free_sort.srcs/sources_1/new/LED_int.v:23]
INFO: [Synth 8-6155] done synthesizing module 'LED_int' (0#1) [D:/CHACKS/comp_free_sort-29-09-24/comp_free_sort.srcs/sources_1/new/LED_int.v:23]
INFO: [Synth 8-6157] synthesizing module 'encoder' [D:/CHACKS/comp_free_sort-29-09-24/comp_free_sort.srcs/sources_1/new/encoder.v:23]
INFO: [Synth 8-6155] done synthesizing module 'encoder' (0#1) [D:/CHACKS/comp_free_sort-29-09-24/comp_free_sort.srcs/sources_1/new/encoder.v:23]
INFO: [Synth 8-6155] done synthesizing module 'LED' (0#1) [D:/CHACKS/comp_free_sort-29-09-24/comp_free_sort.srcs/sources_1/new/LED.v:23]
INFO: [Synth 8-6157] synthesizing module 'decoder_3to8' [D:/CHACKS/comp_free_sort-29-09-24/comp_free_sort.srcs/sources_1/new/decoder_3to8.v:23]
INFO: [Synth 8-226] default block is never used [D:/CHACKS/comp_free_sort-29-09-24/comp_free_sort.srcs/sources_1/new/decoder_3to8.v:32]
INFO: [Synth 8-6155] done synthesizing module 'decoder_3to8' (0#1) [D:/CHACKS/comp_free_sort-29-09-24/comp_free_sort.srcs/sources_1/new/decoder_3to8.v:23]
INFO: [Synth 8-6157] synthesizing module 'EVT_update_unit' [D:/CHACKS/comp_free_sort-29-09-24/comp_free_sort.srcs/sources_1/new/EVT_update_unit.v:23]
INFO: [Synth 8-6157] synthesizing module 'D_FF' [D:/CHACKS/comp_free_sort-29-09-24/comp_free_sort.srcs/sources_1/new/D_FF.v:23]
INFO: [Synth 8-6155] done synthesizing module 'D_FF' (0#1) [D:/CHACKS/comp_free_sort-29-09-24/comp_free_sort.srcs/sources_1/new/D_FF.v:23]
INFO: [Synth 8-6155] done synthesizing module 'EVT_update_unit' (0#1) [D:/CHACKS/comp_free_sort-29-09-24/comp_free_sort.srcs/sources_1/new/EVT_update_unit.v:23]
INFO: [Synth 8-6155] done synthesizing module 'sorting_engine' (0#1) [D:/CHACKS/comp_free_sort-29-09-24/comp_free_sort.srcs/sources_1/new/sorting_engine.v:3]
WARNING: [Synth 8-7129] Port en in module LED_int is either unconnected or has no load
---------------------------------------------------------------------------------
Finished Synthesize : Time (s): cpu = 00:00:07 ; elapsed = 00:00:11 . Memory (MB): peak = 1027.207 ; gain = 553.129
---------------------------------------------------------------------------------
---------------------------------------------------------------------------------
Finished Constraint Validation : Time (s): cpu = 00:00:08 ; elapsed = 00:00:12 . Memory (MB): peak = 1027.207 ; gain = 553.129
---------------------------------------------------------------------------------
---------------------------------------------------------------------------------
Start Loading Part and Timing Information
---------------------------------------------------------------------------------
Loading part: xc7a35tcpg236-1
---------------------------------------------------------------------------------
Finished Loading Part and Timing Information : Time (s): cpu = 00:00:08 ; elapsed = 00:00:12 . Memory (MB): peak = 1027.207 ; gain = 553.129
---------------------------------------------------------------------------------
INFO: [Device 21-403] Loading part xc7a35tcpg236-1
INFO: [Synth 8-802] inferred FSM for state register 'state_reg_reg' in module 'sorting_engine'
WARNING: [Synth 8-327] inferring latch for variable 'next_reg_reg' [D:/CHACKS/comp_free_sort-29-09-24/comp_free_sort.srcs/sources_1/new/Cell.v:35]
WARNING: [Synth 8-327] inferring latch for variable 'and_out_reg_reg' [D:/CHACKS/comp_free_sort-29-09-24/comp_free_sort.srcs/sources_1/new/Cell.v:33]
WARNING: [Synth 8-327] inferring latch for variable 'LED_addr_reg_reg' [D:/CHACKS/comp_free_sort-29-09-24/comp_free_sort.srcs/sources_1/new/encoder.v:33]
---------------------------------------------------------------------------------------------------
                   State |                     New Encoding |                Previous Encoding 
---------------------------------------------------------------------------------------------------
                    IDLE |                    0000000000001 |                            00000
                      S1 |                    0000000000010 |                            00001
                      S2 |                    0000000000100 |                            00010
                      S3 |                    0000000001000 |                            00011
                      S4 |                    0000000010000 |                            00100
                      S5 |                    0000000100000 |                            00101
                      S6 |                    0000001000000 |                            00110
                      S7 |                    0000010000000 |                            00111
                      S8 |                    0000100000000 |                            01000
                      S9 |                    0001000000000 |                            01001
              EVT_UPDATE |                    0010000000000 |                            01010
                    LOOP |                    0100000000000 |                            01011
                    DONE |                    1000000000000 |                            01100
---------------------------------------------------------------------------------------------------
INFO: [Synth 8-3354] encoded FSM with state register 'state_reg_reg' using encoding 'one-hot' in module 'sorting_engine'
WARNING: [Synth 8-327] inferring latch for variable 'LED_out_reg_reg' [D:/CHACKS/comp_free_sort-29-09-24/comp_free_sort.srcs/sources_1/new/sorting_engine.v:165]
WARNING: [Synth 8-327] inferring latch for variable 'i_reg' [D:/CHACKS/comp_free_sort-29-09-24/comp_free_sort.srcs/sources_1/new/sorting_engine.v:109]
WARNING: [Synth 8-327] inferring latch for variable 'EOO_reg_reg' [D:/CHACKS/comp_free_sort-29-09-24/comp_free_sort.srcs/sources_1/new/sorting_engine.v:111]
WARNING: [Synth 8-327] inferring latch for variable 'EVT_reg_reg' [D:/CHACKS/comp_free_sort-29-09-24/comp_free_sort.srcs/sources_1/new/sorting_engine.v:107]
---------------------------------------------------------------------------------
Finished RTL Optimization Phase 2 : Time (s): cpu = 00:00:08 ; elapsed = 00:00:12 . Memory (MB): peak = 1027.207 ; gain = 553.129
---------------------------------------------------------------------------------
No constraint files found.
---------------------------------------------------------------------------------
Start RTL Component Statistics 
---------------------------------------------------------------------------------
Detailed RTL Component Info : 
+---Adders : 
	   2 Input    5 Bit       Adders := 1     
+---Registers : 
	                8 Bit    Registers := 2     
+---Muxes : 
	  13 Input   13 Bit        Muxes := 1     
	   2 Input   13 Bit        Muxes := 1     
	   8 Input    8 Bit        Muxes := 1     
	  13 Input    5 Bit        Muxes := 1     
	   9 Input    3 Bit        Muxes := 1     
	   2 Input    1 Bit        Muxes := 64    
	  13 Input    1 Bit        Muxes := 4     
---------------------------------------------------------------------------------
Finished RTL Component Statistics 
---------------------------------------------------------------------------------
---------------------------------------------------------------------------------
Start Part Resource Summary
---------------------------------------------------------------------------------
Part Resources:
DSPs: 90 (col length:60)
BRAMs: 100 (col length: RAMB18 60 RAMB36 30)
---------------------------------------------------------------------------------
Finished Part Resource Summary
---------------------------------------------------------------------------------
No constraint files found.
---------------------------------------------------------------------------------
Start Cross Boundary and Area Optimization
---------------------------------------------------------------------------------
WARNING: [Synth 8-7080] Parallel synthesis criteria is not met
WARNING: [Synth 8-264] enable of latch \B1/C1/and_out_reg_reg  is always disabled
WARNING: [Synth 8-264] enable of latch \B1/C1/and_out_reg_reg  is always disabled
WARNING: [Synth 8-264] enable of latch \B1/C2/and_out_reg_reg  is always disabled
WARNING: [Synth 8-264] enable of latch \B1/C2/and_out_reg_reg  is always disabled
WARNING: [Synth 8-264] enable of latch \B1/C3/and_out_reg_reg  is always disabled
WARNING: [Synth 8-264] enable of latch \B1/C3/and_out_reg_reg  is always disabled
WARNING: [Synth 8-264] enable of latch \B1/C4/and_out_reg_reg  is always disabled
WARNING: [Synth 8-264] enable of latch \B1/C4/and_out_reg_reg  is always disabled
WARNING: [Synth 8-264] enable of latch \B1/C5/and_out_reg_reg  is always disabled
WARNING: [Synth 8-264] enable of latch \B1/C5/and_out_reg_reg  is always disabled
WARNING: [Synth 8-264] enable of latch \B1/C6/and_out_reg_reg  is always disabled
WARNING: [Synth 8-264] enable of latch \B1/C6/and_out_reg_reg  is always disabled
WARNING: [Synth 8-264] enable of latch \B1/C7/and_out_reg_reg  is always disabled
WARNING: [Synth 8-264] enable of latch \B1/C7/and_out_reg_reg  is always disabled
WARNING: [Synth 8-264] enable of latch \B1/C8/and_out_reg_reg  is always disabled
WARNING: [Synth 8-264] enable of latch \B1/C8/and_out_reg_reg  is always disabled
WARNING: [Synth 8-264] enable of latch \B1/C8/next_reg_reg  is always disabled
WARNING: [Synth 8-264] enable of latch \B1/C8/next_reg_reg  is always disabled
WARNING: [Synth 8-264] enable of latch \B1/C7/next_reg_reg  is always disabled
WARNING: [Synth 8-264] enable of latch \B1/C7/next_reg_reg  is always disabled
WARNING: [Synth 8-264] enable of latch \B1/C6/next_reg_reg  is always disabled
WARNING: [Synth 8-264] enable of latch \B1/C6/next_reg_reg  is always disabled
WARNING: [Synth 8-264] enable of latch \B1/C5/next_reg_reg  is always disabled
WARNING: [Synth 8-264] enable of latch \B1/C5/next_reg_reg  is always disabled
WARNING: [Synth 8-264] enable of latch \B1/C1/next_reg_reg  is always disabled
WARNING: [Synth 8-264] enable of latch \B1/C1/next_reg_reg  is always disabled
WARNING: [Synth 8-264] enable of latch \B1/C2/next_reg_reg  is always disabled
WARNING: [Synth 8-264] enable of latch \B1/C2/next_reg_reg  is always disabled
WARNING: [Synth 8-264] enable of latch \B1/C3/next_reg_reg  is always disabled
WARNING: [Synth 8-264] enable of latch \B1/C3/next_reg_reg  is always disabled
WARNING: [Synth 8-264] enable of latch \B1/C4/next_reg_reg  is always disabled
WARNING: [Synth 8-264] enable of latch \B1/C4/next_reg_reg  is always disabled
WARNING: [Synth 8-264] enable of latch \B2/C1/and_out_reg_reg  is always disabled
WARNING: [Synth 8-264] enable of latch \B2/C1/and_out_reg_reg  is always disabled
WARNING: [Synth 8-264] enable of latch \B2/C2/and_out_reg_reg  is always disabled
WARNING: [Synth 8-264] enable of latch \B2/C2/and_out_reg_reg  is always disabled
WARNING: [Synth 8-264] enable of latch \B2/C3/and_out_reg_reg  is always disabled
WARNING: [Synth 8-264] enable of latch \B2/C3/and_out_reg_reg  is always disabled
WARNING: [Synth 8-264] enable of latch \B2/C4/and_out_reg_reg  is always disabled
WARNING: [Synth 8-264] enable of latch \B2/C4/and_out_reg_reg  is always disabled
WARNING: [Synth 8-264] enable of latch \B2/C5/and_out_reg_reg  is always disabled
WARNING: [Synth 8-264] enable of latch \B2/C5/and_out_reg_reg  is always disabled
WARNING: [Synth 8-264] enable of latch \B2/C6/and_out_reg_reg  is always disabled
WARNING: [Synth 8-264] enable of latch \B2/C6/and_out_reg_reg  is always disabled
WARNING: [Synth 8-264] enable of latch \B2/C7/and_out_reg_reg  is always disabled
WARNING: [Synth 8-264] enable of latch \B2/C7/and_out_reg_reg  is always disabled
WARNING: [Synth 8-264] enable of latch \B2/C8/and_out_reg_reg  is always disabled
WARNING: [Synth 8-264] enable of latch \B2/C8/and_out_reg_reg  is always disabled
WARNING: [Synth 8-264] enable of latch \B2/C8/next_reg_reg  is always disabled
WARNING: [Synth 8-264] enable of latch \B2/C8/next_reg_reg  is always disabled
WARNING: [Synth 8-264] enable of latch \B2/C7/next_reg_reg  is always disabled
WARNING: [Synth 8-264] enable of latch \B2/C7/next_reg_reg  is always disabled
WARNING: [Synth 8-264] enable of latch \B2/C6/next_reg_reg  is always disabled
WARNING: [Synth 8-264] enable of latch \B2/C6/next_reg_reg  is always disabled
WARNING: [Synth 8-264] enable of latch \B2/C5/next_reg_reg  is always disabled
WARNING: [Synth 8-264] enable of latch \B2/C5/next_reg_reg  is always disabled
WARNING: [Synth 8-264] enable of latch \B2/C1/next_reg_reg  is always disabled
WARNING: [Synth 8-264] enable of latch \B2/C1/next_reg_reg  is always disabled
WARNING: [Synth 8-264] enable of latch \B2/C2/next_reg_reg  is always disabled
WARNING: [Synth 8-264] enable of latch \B2/C2/next_reg_reg  is always disabled
WARNING: [Synth 8-264] enable of latch \B2/C3/next_reg_reg  is always disabled
WARNING: [Synth 8-264] enable of latch \B2/C3/next_reg_reg  is always disabled
WARNING: [Synth 8-264] enable of latch \B2/C4/next_reg_reg  is always disabled
WARNING: [Synth 8-264] enable of latch \B2/C4/next_reg_reg  is always disabled
WARNING: [Synth 8-264] enable of latch \B3/C1/and_out_reg_reg  is always disabled
WARNING: [Synth 8-264] enable of latch \B3/C1/and_out_reg_reg  is always disabled
WARNING: [Synth 8-264] enable of latch \B3/C2/and_out_reg_reg  is always disabled
WARNING: [Synth 8-264] enable of latch \B3/C2/and_out_reg_reg  is always disabled
WARNING: [Synth 8-264] enable of latch \B3/C3/and_out_reg_reg  is always disabled
WARNING: [Synth 8-264] enable of latch \B3/C3/and_out_reg_reg  is always disabled
WARNING: [Synth 8-264] enable of latch \B3/C4/and_out_reg_reg  is always disabled
WARNING: [Synth 8-264] enable of latch \B3/C4/and_out_reg_reg  is always disabled
WARNING: [Synth 8-264] enable of latch \B3/C5/and_out_reg_reg  is always disabled
WARNING: [Synth 8-264] enable of latch \B3/C5/and_out_reg_reg  is always disabled
WARNING: [Synth 8-264] enable of latch \B3/C6/and_out_reg_reg  is always disabled
WARNING: [Synth 8-264] enable of latch \B3/C6/and_out_reg_reg  is always disabled
WARNING: [Synth 8-264] enable of latch \B3/C7/and_out_reg_reg  is always disabled
WARNING: [Synth 8-264] enable of latch \B3/C7/and_out_reg_reg  is always disabled
WARNING: [Synth 8-264] enable of latch \B3/C8/and_out_reg_reg  is always disabled
WARNING: [Synth 8-264] enable of latch \B3/C8/and_out_reg_reg  is always disabled
WARNING: [Synth 8-264] enable of latch \B3/C8/next_reg_reg  is always disabled
WARNING: [Synth 8-264] enable of latch \B3/C8/next_reg_reg  is always disabled
WARNING: [Synth 8-264] enable of latch \B3/C7/next_reg_reg  is always disabled
WARNING: [Synth 8-264] enable of latch \B3/C7/next_reg_reg  is always disabled
WARNING: [Synth 8-264] enable of latch \B3/C6/next_reg_reg  is always disabled
WARNING: [Synth 8-264] enable of latch \B3/C6/next_reg_reg  is always disabled
WARNING: [Synth 8-264] enable of latch \B3/C5/next_reg_reg  is always disabled
WARNING: [Synth 8-264] enable of latch \B3/C5/next_reg_reg  is always disabled
WARNING: [Synth 8-264] enable of latch \B3/C1/next_reg_reg  is always disabled
WARNING: [Synth 8-264] enable of latch \B3/C1/next_reg_reg  is always disabled
WARNING: [Synth 8-264] enable of latch \B3/C2/next_reg_reg  is always disabled
WARNING: [Synth 8-264] enable of latch \B3/C2/next_reg_reg  is always disabled
WARNING: [Synth 8-264] enable of latch \B3/C3/next_reg_reg  is always disabled
WARNING: [Synth 8-264] enable of latch \B3/C3/next_reg_reg  is always disabled
WARNING: [Synth 8-264] enable of latch \B3/C4/next_reg_reg  is always disabled
WARNING: [Synth 8-264] enable of latch \B3/C4/next_reg_reg  is always disabled
WARNING: [Synth 8-264] enable of latch \B4/C1/and_out_reg_reg  is always disabled
WARNING: [Synth 8-264] enable of latch \B4/C1/and_out_reg_reg  is always disabled
WARNING: [Synth 8-264] enable of latch \B4/C2/and_out_reg_reg  is always disabled
WARNING: [Synth 8-264] enable of latch \B4/C2/and_out_reg_reg  is always disabled
INFO: [Common 17-14] Message 'Synth 8-264' appears 100 times and further instances of the messages will be disabled. Use the Tcl command set_msg_config to change the current settings.
WARNING: [Synth 8-3332] Sequential element (FSM_onehot_state_reg_reg[12]) is unused and will be removed from module sorting_engine.
WARNING: [Synth 8-3332] Sequential element (FSM_onehot_state_reg_reg[7]) is unused and will be removed from module sorting_engine.
CRITICAL WARNING: [Synth 8-6859] multi-driven net on pin Q with 1st driver pin 'FSM_onehot_state_reg_reg[7]/Q' [D:/CHACKS/comp_free_sort-29-09-24/comp_free_sort.srcs/sources_1/new/sorting_engine.v:80]
CRITICAL WARNING: [Synth 8-6859] multi-driven net on pin Q with 2nd driver pin 'GND' [D:/CHACKS/comp_free_sort-29-09-24/comp_free_sort.srcs/sources_1/new/sorting_engine.v:80]
CRITICAL WARNING: [Synth 8-6858] multi-driven net Q is connected to at least one constant driver which has been preserved, other driver is ignored [D:/CHACKS/comp_free_sort-29-09-24/comp_free_sort.srcs/sources_1/new/sorting_engine.v:80]
WARNING: [Synth 8-3332] Sequential element (FSM_onehot_state_reg_reg[5]) is unused and will be removed from module sorting_engine.
CRITICAL WARNING: [Synth 8-6859] multi-driven net on pin Q with 1st driver pin 'FSM_onehot_state_reg_reg[5]/Q' [D:/CHACKS/comp_free_sort-29-09-24/comp_free_sort.srcs/sources_1/new/sorting_engine.v:80]
CRITICAL WARNING: [Synth 8-6859] multi-driven net on pin Q with 2nd driver pin 'GND' [D:/CHACKS/comp_free_sort-29-09-24/comp_free_sort.srcs/sources_1/new/sorting_engine.v:80]
CRITICAL WARNING: [Synth 8-6858] multi-driven net Q is connected to at least one constant driver which has been preserved, other driver is ignored [D:/CHACKS/comp_free_sort-29-09-24/comp_free_sort.srcs/sources_1/new/sorting_engine.v:80]
WARNING: [Synth 8-3332] Sequential element (FSM_onehot_state_reg_reg[1]) is unused and will be removed from module sorting_engine.
WARNING: [Synth 8-3332] Sequential element (i_reg[4]) is unused and will be removed from module sorting_engine.
WARNING: [Synth 8-3332] Sequential element (i_reg[3]) is unused and will be removed from module sorting_engine.
WARNING: [Synth 8-3332] Sequential element (i_reg[2]) is unused and will be removed from module sorting_engine.
WARNING: [Synth 8-3332] Sequential element (i_reg[1]) is unused and will be removed from module sorting_engine.
WARNING: [Synth 8-3332] Sequential element (i_reg[0]) is unused and will be removed from module sorting_engine.
CRITICAL WARNING: [Synth 8-6859] multi-driven net on pin Q with 1st driver pin 'i_reg[4]__0/Q' [D:/CHACKS/comp_free_sort-29-09-24/comp_free_sort.srcs/sources_1/new/sorting_engine.v:84]
CRITICAL WARNING: [Synth 8-6859] multi-driven net on pin Q with 2nd driver pin 'GND' [D:/CHACKS/comp_free_sort-29-09-24/comp_free_sort.srcs/sources_1/new/sorting_engine.v:84]
CRITICAL WARNING: [Synth 8-6858] multi-driven net Q is connected to at least one constant driver which has been preserved, other driver is ignored [D:/CHACKS/comp_free_sort-29-09-24/comp_free_sort.srcs/sources_1/new/sorting_engine.v:84]
CRITICAL WARNING: [Synth 8-6859] multi-driven net on pin Q with 1st driver pin 'i_reg[3]__0/Q' [D:/CHACKS/comp_free_sort-29-09-24/comp_free_sort.srcs/sources_1/new/sorting_engine.v:84]
CRITICAL WARNING: [Synth 8-6859] multi-driven net on pin Q with 2nd driver pin 'GND' [D:/CHACKS/comp_free_sort-29-09-24/comp_free_sort.srcs/sources_1/new/sorting_engine.v:84]
CRITICAL WARNING: [Synth 8-6858] multi-driven net Q is connected to at least one constant driver which has been preserved, other driver is ignored [D:/CHACKS/comp_free_sort-29-09-24/comp_free_sort.srcs/sources_1/new/sorting_engine.v:84]
CRITICAL WARNING: [Synth 8-6859] multi-driven net on pin Q with 1st driver pin 'i_reg[2]__0/Q' [D:/CHACKS/comp_free_sort-29-09-24/comp_free_sort.srcs/sources_1/new/sorting_engine.v:84]
CRITICAL WARNING: [Synth 8-6859] multi-driven net on pin Q with 2nd driver pin 'GND' [D:/CHACKS/comp_free_sort-29-09-24/comp_free_sort.srcs/sources_1/new/sorting_engine.v:84]
CRITICAL WARNING: [Synth 8-6858] multi-driven net Q is connected to at least one constant driver which has been preserved, other driver is ignored [D:/CHACKS/comp_free_sort-29-09-24/comp_free_sort.srcs/sources_1/new/sorting_engine.v:84]
CRITICAL WARNING: [Synth 8-6859] multi-driven net on pin Q with 1st driver pin 'i_reg[1]__0/Q' [D:/CHACKS/comp_free_sort-29-09-24/comp_free_sort.srcs/sources_1/new/sorting_engine.v:84]
CRITICAL WARNING: [Synth 8-6859] multi-driven net on pin Q with 2nd driver pin 'GND' [D:/CHACKS/comp_free_sort-29-09-24/comp_free_sort.srcs/sources_1/new/sorting_engine.v:84]
CRITICAL WARNING: [Synth 8-6858] multi-driven net Q is connected to at least one constant driver which has been preserved, other driver is ignored [D:/CHACKS/comp_free_sort-29-09-24/comp_free_sort.srcs/sources_1/new/sorting_engine.v:84]
CRITICAL WARNING: [Synth 8-6859] multi-driven net on pin Q with 1st driver pin 'i_reg[0]__0/Q' [D:/CHACKS/comp_free_sort-29-09-24/comp_free_sort.srcs/sources_1/new/sorting_engine.v:84]
CRITICAL WARNING: [Synth 8-6859] multi-driven net on pin Q with 2nd driver pin 'GND' [D:/CHACKS/comp_free_sort-29-09-24/comp_free_sort.srcs/sources_1/new/sorting_engine.v:84]
CRITICAL WARNING: [Synth 8-6858] multi-driven net Q is connected to at least one constant driver which has been preserved, other driver is ignored [D:/CHACKS/comp_free_sort-29-09-24/comp_free_sort.srcs/sources_1/new/sorting_engine.v:84]
WARNING: [Synth 8-3332] Sequential element (EOO_reg_reg) is unused and will be removed from module sorting_engine.
WARNING: [Synth 8-3332] Sequential element (EVT_reg_reg[7]) is unused and will be removed from module sorting_engine.
WARNING: [Synth 8-3332] Sequential element (EVT_reg_reg[6]) is unused and will be removed from module sorting_engine.
WARNING: [Synth 8-3332] Sequential element (EVT_reg_reg[5]) is unused and will be removed from module sorting_engine.
WARNING: [Synth 8-3332] Sequential element (EVT_reg_reg[4]) is unused and will be removed from module sorting_engine.
WARNING: [Synth 8-3332] Sequential element (EVT_reg_reg[3]) is unused and will be removed from module sorting_engine.
WARNING: [Synth 8-3332] Sequential element (EVT_reg_reg[2]) is unused and will be removed from module sorting_engine.
WARNING: [Synth 8-3332] Sequential element (EVT_reg_reg[1]) is unused and will be removed from module sorting_engine.
WARNING: [Synth 8-3332] Sequential element (EVT_reg_reg[0]) is unused and will be removed from module sorting_engine.
CRITICAL WARNING: [Synth 8-6859] multi-driven net on pin Q with 1st driver pin 'EVT_reg_reg[7]__0/Q' [D:/CHACKS/comp_free_sort-29-09-24/comp_free_sort.srcs/sources_1/new/sorting_engine.v:42]
CRITICAL WARNING: [Synth 8-6859] multi-driven net on pin Q with 2nd driver pin 'VCC' [D:/CHACKS/comp_free_sort-29-09-24/comp_free_sort.srcs/sources_1/new/sorting_engine.v:42]
CRITICAL WARNING: [Synth 8-6858] multi-driven net Q is connected to at least one constant driver which has been preserved, other driver is ignored [D:/CHACKS/comp_free_sort-29-09-24/comp_free_sort.srcs/sources_1/new/sorting_engine.v:42]
CRITICAL WARNING: [Synth 8-6859] multi-driven net on pin Q with 1st driver pin 'EVT_reg_reg[6]__0/Q' [D:/CHACKS/comp_free_sort-29-09-24/comp_free_sort.srcs/sources_1/new/sorting_engine.v:42]
CRITICAL WARNING: [Synth 8-6859] multi-driven net on pin Q with 2nd driver pin 'VCC' [D:/CHACKS/comp_free_sort-29-09-24/comp_free_sort.srcs/sources_1/new/sorting_engine.v:42]
CRITICAL WARNING: [Synth 8-6858] multi-driven net Q is connected to at least one constant driver which has been preserved, other driver is ignored [D:/CHACKS/comp_free_sort-29-09-24/comp_free_sort.srcs/sources_1/new/sorting_engine.v:42]
CRITICAL WARNING: [Synth 8-6859] multi-driven net on pin Q with 1st driver pin 'EVT_reg_reg[5]__0/Q' [D:/CHACKS/comp_free_sort-29-09-24/comp_free_sort.srcs/sources_1/new/sorting_engine.v:42]
CRITICAL WARNING: [Synth 8-6859] multi-driven net on pin Q with 2nd driver pin 'VCC' [D:/CHACKS/comp_free_sort-29-09-24/comp_free_sort.srcs/sources_1/new/sorting_engine.v:42]
CRITICAL WARNING: [Synth 8-6858] multi-driven net Q is connected to at least one constant driver which has been preserved, other driver is ignored [D:/CHACKS/comp_free_sort-29-09-24/comp_free_sort.srcs/sources_1/new/sorting_engine.v:42]
CRITICAL WARNING: [Synth 8-6859] multi-driven net on pin Q with 1st driver pin 'EVT_reg_reg[4]__0/Q' [D:/CHACKS/comp_free_sort-29-09-24/comp_free_sort.srcs/sources_1/new/sorting_engine.v:42]
CRITICAL WARNING: [Synth 8-6859] multi-driven net on pin Q with 2nd driver pin 'VCC' [D:/CHACKS/comp_free_sort-29-09-24/comp_free_sort.srcs/sources_1/new/sorting_engine.v:42]
CRITICAL WARNING: [Synth 8-6858] multi-driven net Q is connected to at least one constant driver which has been preserved, other driver is ignored [D:/CHACKS/comp_free_sort-29-09-24/comp_free_sort.srcs/sources_1/new/sorting_engine.v:42]
CRITICAL WARNING: [Synth 8-6859] multi-driven net on pin Q with 1st driver pin 'EVT_reg_reg[3]__0/Q' [D:/CHACKS/comp_free_sort-29-09-24/comp_free_sort.srcs/sources_1/new/sorting_engine.v:42]
CRITICAL WARNING: [Synth 8-6859] multi-driven net on pin Q with 2nd driver pin 'VCC' [D:/CHACKS/comp_free_sort-29-09-24/comp_free_sort.srcs/sources_1/new/sorting_engine.v:42]
CRITICAL WARNING: [Synth 8-6858] multi-driven net Q is connected to at least one constant driver which has been preserved, other driver is ignored [D:/CHACKS/comp_free_sort-29-09-24/comp_free_sort.srcs/sources_1/new/sorting_engine.v:42]
CRITICAL WARNING: [Synth 8-6859] multi-driven net on pin Q with 1st driver pin 'EVT_reg_reg[2]__0/Q' [D:/CHACKS/comp_free_sort-29-09-24/comp_free_sort.srcs/sources_1/new/sorting_engine.v:42]
CRITICAL WARNING: [Synth 8-6859] multi-driven net on pin Q with 2nd driver pin 'VCC' [D:/CHACKS/comp_free_sort-29-09-24/comp_free_sort.srcs/sources_1/new/sorting_engine.v:42]
CRITICAL WARNING: [Synth 8-6858] multi-driven net Q is connected to at least one constant driver which has been preserved, other driver is ignored [D:/CHACKS/comp_free_sort-29-09-24/comp_free_sort.srcs/sources_1/new/sorting_engine.v:42]
CRITICAL WARNING: [Synth 8-6859] multi-driven net on pin Q with 1st driver pin 'EVT_reg_reg[1]__0/Q' [D:/CHACKS/comp_free_sort-29-09-24/comp_free_sort.srcs/sources_1/new/sorting_engine.v:42]
CRITICAL WARNING: [Synth 8-6859] multi-driven net on pin Q with 2nd driver pin 'VCC' [D:/CHACKS/comp_free_sort-29-09-24/comp_free_sort.srcs/sources_1/new/sorting_engine.v:42]
CRITICAL WARNING: [Synth 8-6858] multi-driven net Q is connected to at least one constant driver which has been preserved, other driver is ignored [D:/CHACKS/comp_free_sort-29-09-24/comp_free_sort.srcs/sources_1/new/sorting_engine.v:42]
CRITICAL WARNING: [Synth 8-6859] multi-driven net on pin Q with 1st driver pin 'EVT_reg_reg[0]__0/Q' [D:/CHACKS/comp_free_sort-29-09-24/comp_free_sort.srcs/sources_1/new/sorting_engine.v:42]
CRITICAL WARNING: [Synth 8-6859] multi-driven net on pin Q with 2nd driver pin 'VCC' [D:/CHACKS/comp_free_sort-29-09-24/comp_free_sort.srcs/sources_1/new/sorting_engine.v:42]
CRITICAL WARNING: [Synth 8-6858] multi-driven net Q is connected to at least one constant driver which has been preserved, other driver is ignored [D:/CHACKS/comp_free_sort-29-09-24/comp_free_sort.srcs/sources_1/new/sorting_engine.v:42]
CRITICAL WARNING: [Synth 8-6859] multi-driven net on pin Q with 1st driver pin 'en_reg_reg[7]/Q' [D:/CHACKS/comp_free_sort-29-09-24/comp_free_sort.srcs/sources_1/new/sorting_engine.v:40]
CRITICAL WARNING: [Synth 8-6859] multi-driven net on pin Q with 2nd driver pin 'GND' [D:/CHACKS/comp_free_sort-29-09-24/comp_free_sort.srcs/sources_1/new/sorting_engine.v:40]
CRITICAL WARNING: [Synth 8-6858] multi-driven net Q is connected to at least one constant driver which has been preserved, other driver is ignored [D:/CHACKS/comp_free_sort-29-09-24/comp_free_sort.srcs/sources_1/new/sorting_engine.v:40]
CRITICAL WARNING: [Synth 8-6859] multi-driven net on pin Q with 1st driver pin 'en_reg_reg[5]/Q' [D:/CHACKS/comp_free_sort-29-09-24/comp_free_sort.srcs/sources_1/new/sorting_engine.v:40]
CRITICAL WARNING: [Synth 8-6859] multi-driven net on pin Q with 2nd driver pin 'GND' [D:/CHACKS/comp_free_sort-29-09-24/comp_free_sort.srcs/sources_1/new/sorting_engine.v:40]
CRITICAL WARNING: [Synth 8-6858] multi-driven net Q is connected to at least one constant driver which has been preserved, other driver is ignored [D:/CHACKS/comp_free_sort-29-09-24/comp_free_sort.srcs/sources_1/new/sorting_engine.v:40]
CRITICAL WARNING: [Synth 8-6859] multi-driven net on pin Q with 1st driver pin 'en_reg_reg[3]/Q' [D:/CHACKS/comp_free_sort-29-09-24/comp_free_sort.srcs/sources_1/new/sorting_engine.v:40]
CRITICAL WARNING: [Synth 8-6859] multi-driven net on pin Q with 2nd driver pin 'GND' [D:/CHACKS/comp_free_sort-29-09-24/comp_free_sort.srcs/sources_1/new/sorting_engine.v:40]
CRITICAL WARNING: [Synth 8-6858] multi-driven net Q is connected to at least one constant driver which has been preserved, other driver is ignored [D:/CHACKS/comp_free_sort-29-09-24/comp_free_sort.srcs/sources_1/new/sorting_engine.v:40]
CRITICAL WARNING: [Synth 8-6859] multi-driven net on pin Q with 1st driver pin 'en_reg_reg[2]/Q' [D:/CHACKS/comp_free_sort-29-09-24/comp_free_sort.srcs/sources_1/new/sorting_engine.v:40]
CRITICAL WARNING: [Synth 8-6859] multi-driven net on pin Q with 2nd driver pin 'GND' [D:/CHACKS/comp_free_sort-29-09-24/comp_free_sort.srcs/sources_1/new/sorting_engine.v:40]
CRITICAL WARNING: [Synth 8-6858] multi-driven net Q is connected to at least one constant driver which has been preserved, other driver is ignored [D:/CHACKS/comp_free_sort-29-09-24/comp_free_sort.srcs/sources_1/new/sorting_engine.v:40]
CRITICAL WARNING: [Synth 8-6859] multi-driven net on pin Q with 1st driver pin 'en_reg_reg[1]/Q' [D:/CHACKS/comp_free_sort-29-09-24/comp_free_sort.srcs/sources_1/new/sorting_engine.v:40]
CRITICAL WARNING: [Synth 8-6859] multi-driven net on pin Q with 2nd driver pin 'GND' [D:/CHACKS/comp_free_sort-29-09-24/comp_free_sort.srcs/sources_1/new/sorting_engine.v:40]
CRITICAL WARNING: [Synth 8-6858] multi-driven net Q is connected to at least one constant driver which has been preserved, other driver is ignored [D:/CHACKS/comp_free_sort-29-09-24/comp_free_sort.srcs/sources_1/new/sorting_engine.v:40]
CRITICAL WARNING: [Synth 8-6859] multi-driven net on pin Q with 1st driver pin 'en_reg_reg[0]/Q' [D:/CHACKS/comp_free_sort-29-09-24/comp_free_sort.srcs/sources_1/new/sorting_engine.v:40]
CRITICAL WARNING: [Synth 8-6859] multi-driven net on pin Q with 2nd driver pin 'GND' [D:/CHACKS/comp_free_sort-29-09-24/comp_free_sort.srcs/sources_1/new/sorting_engine.v:40]
CRITICAL WARNING: [Synth 8-6858] multi-driven net Q is connected to at least one constant driver which has been preserved, other driver is ignored [D:/CHACKS/comp_free_sort-29-09-24/comp_free_sort.srcs/sources_1/new/sorting_engine.v:40]
---------------------------------------------------------------------------------
Finished Cross Boundary and Area Optimization : Time (s): cpu = 00:00:14 ; elapsed = 00:00:24 . Memory (MB): peak = 1209.605 ; gain = 735.527
---------------------------------------------------------------------------------
No constraint files found.
---------------------------------------------------------------------------------
Start Timing Optimization
---------------------------------------------------------------------------------
---------------------------------------------------------------------------------
Finished Timing Optimization : Time (s): cpu = 00:00:14 ; elapsed = 00:00:24 . Memory (MB): peak = 1211.230 ; gain = 737.152
---------------------------------------------------------------------------------
---------------------------------------------------------------------------------
Start Technology Mapping
---------------------------------------------------------------------------------
WARNING: [Synth 8-3332] Sequential element (B1/C1/next_reg_reg) is unused and will be removed from module sorting_engine.
WARNING: [Synth 8-3332] Sequential element (B1/C1/and_out_reg_reg) is unused and will be removed from module sorting_engine.
WARNING: [Synth 8-3332] Sequential element (B1/C2/next_reg_reg) is unused and will be removed from module sorting_engine.
WARNING: [Synth 8-3332] Sequential element (B1/C2/and_out_reg_reg) is unused and will be removed from module sorting_engine.
WARNING: [Synth 8-3332] Sequential element (B1/C3/next_reg_reg) is unused and will be removed from module sorting_engine.
WARNING: [Synth 8-3332] Sequential element (B1/C3/and_out_reg_reg) is unused and will be removed from module sorting_engine.
WARNING: [Synth 8-3332] Sequential element (B1/C4/next_reg_reg) is unused and will be removed from module sorting_engine.
WARNING: [Synth 8-3332] Sequential element (B1/C4/and_out_reg_reg) is unused and will be removed from module sorting_engine.
WARNING: [Synth 8-3332] Sequential element (B1/C5/next_reg_reg) is unused and will be removed from module sorting_engine.
WARNING: [Synth 8-3332] Sequential element (B1/C5/and_out_reg_reg) is unused and will be removed from module sorting_engine.
WARNING: [Synth 8-3332] Sequential element (B1/C6/next_reg_reg) is unused and will be removed from module sorting_engine.
WARNING: [Synth 8-3332] Sequential element (B1/C6/and_out_reg_reg) is unused and will be removed from module sorting_engine.
WARNING: [Synth 8-3332] Sequential element (B1/C7/next_reg_reg) is unused and will be removed from module sorting_engine.
WARNING: [Synth 8-3332] Sequential element (B1/C7/and_out_reg_reg) is unused and will be removed from module sorting_engine.
WARNING: [Synth 8-3332] Sequential element (B1/C8/next_reg_reg) is unused and will be removed from module sorting_engine.
WARNING: [Synth 8-3332] Sequential element (B1/C8/and_out_reg_reg) is unused and will be removed from module sorting_engine.
WARNING: [Synth 8-3332] Sequential element (B2/C1/next_reg_reg) is unused and will be removed from module sorting_engine.
WARNING: [Synth 8-3332] Sequential element (B2/C1/and_out_reg_reg) is unused and will be removed from module sorting_engine.
WARNING: [Synth 8-3332] Sequential element (B2/C2/next_reg_reg) is unused and will be removed from module sorting_engine.
WARNING: [Synth 8-3332] Sequential element (B2/C2/and_out_reg_reg) is unused and will be removed from module sorting_engine.
WARNING: [Synth 8-3332] Sequential element (B2/C3/next_reg_reg) is unused and will be removed from module sorting_engine.
WARNING: [Synth 8-3332] Sequential element (B2/C3/and_out_reg_reg) is unused and will be removed from module sorting_engine.
WARNING: [Synth 8-3332] Sequential element (B2/C4/next_reg_reg) is unused and will be removed from module sorting_engine.
WARNING: [Synth 8-3332] Sequential element (B2/C4/and_out_reg_reg) is unused and will be removed from module sorting_engine.
WARNING: [Synth 8-3332] Sequential element (B2/C5/next_reg_reg) is unused and will be removed from module sorting_engine.
WARNING: [Synth 8-3332] Sequential element (B2/C5/and_out_reg_reg) is unused and will be removed from module sorting_engine.
WARNING: [Synth 8-3332] Sequential element (B2/C6/next_reg_reg) is unused and will be removed from module sorting_engine.
WARNING: [Synth 8-3332] Sequential element (B2/C6/and_out_reg_reg) is unused and will be removed from module sorting_engine.
WARNING: [Synth 8-3332] Sequential element (B2/C7/next_reg_reg) is unused and will be removed from module sorting_engine.
WARNING: [Synth 8-3332] Sequential element (B2/C7/and_out_reg_reg) is unused and will be removed from module sorting_engine.
WARNING: [Synth 8-3332] Sequential element (B2/C8/next_reg_reg) is unused and will be removed from module sorting_engine.
WARNING: [Synth 8-3332] Sequential element (B2/C8/and_out_reg_reg) is unused and will be removed from module sorting_engine.
WARNING: [Synth 8-3332] Sequential element (B3/C1/next_reg_reg) is unused and will be removed from module sorting_engine.
WARNING: [Synth 8-3332] Sequential element (B3/C1/and_out_reg_reg) is unused and will be removed from module sorting_engine.
WARNING: [Synth 8-3332] Sequential element (B3/C2/next_reg_reg) is unused and will be removed from module sorting_engine.
WARNING: [Synth 8-3332] Sequential element (B3/C2/and_out_reg_reg) is unused and will be removed from module sorting_engine.
WARNING: [Synth 8-3332] Sequential element (B3/C3/next_reg_reg) is unused and will be removed from module sorting_engine.
WARNING: [Synth 8-3332] Sequential element (B3/C3/and_out_reg_reg) is unused and will be removed from module sorting_engine.
WARNING: [Synth 8-3332] Sequential element (B3/C4/next_reg_reg) is unused and will be removed from module sorting_engine.
WARNING: [Synth 8-3332] Sequential element (B3/C4/and_out_reg_reg) is unused and will be removed from module sorting_engine.
WARNING: [Synth 8-3332] Sequential element (B3/C5/next_reg_reg) is unused and will be removed from module sorting_engine.
WARNING: [Synth 8-3332] Sequential element (B3/C5/and_out_reg_reg) is unused and will be removed from module sorting_engine.
WARNING: [Synth 8-3332] Sequential element (B3/C6/next_reg_reg) is unused and will be removed from module sorting_engine.
WARNING: [Synth 8-3332] Sequential element (B3/C6/and_out_reg_reg) is unused and will be removed from module sorting_engine.
WARNING: [Synth 8-3332] Sequential element (B3/C7/next_reg_reg) is unused and will be removed from module sorting_engine.
WARNING: [Synth 8-3332] Sequential element (B3/C7/and_out_reg_reg) is unused and will be removed from module sorting_engine.
WARNING: [Synth 8-3332] Sequential element (B3/C8/next_reg_reg) is unused and will be removed from module sorting_engine.
WARNING: [Synth 8-3332] Sequential element (B3/C8/and_out_reg_reg) is unused and will be removed from module sorting_engine.
WARNING: [Synth 8-3332] Sequential element (B4/C1/next_reg_reg) is unused and will be removed from module sorting_engine.
WARNING: [Synth 8-3332] Sequential element (B4/C1/and_out_reg_reg) is unused and will be removed from module sorting_engine.
WARNING: [Synth 8-3332] Sequential element (B4/C2/next_reg_reg) is unused and will be removed from module sorting_engine.
WARNING: [Synth 8-3332] Sequential element (B4/C2/and_out_reg_reg) is unused and will be removed from module sorting_engine.
WARNING: [Synth 8-3332] Sequential element (B4/C3/next_reg_reg) is unused and will be removed from module sorting_engine.
WARNING: [Synth 8-3332] Sequential element (B4/C3/and_out_reg_reg) is unused and will be removed from module sorting_engine.
WARNING: [Synth 8-3332] Sequential element (B4/C4/next_reg_reg) is unused and will be removed from module sorting_engine.
WARNING: [Synth 8-3332] Sequential element (B4/C4/and_out_reg_reg) is unused and will be removed from module sorting_engine.
WARNING: [Synth 8-3332] Sequential element (B4/C5/next_reg_reg) is unused and will be removed from module sorting_engine.
WARNING: [Synth 8-3332] Sequential element (B4/C5/and_out_reg_reg) is unused and will be removed from module sorting_engine.
WARNING: [Synth 8-3332] Sequential element (B4/C6/next_reg_reg) is unused and will be removed from module sorting_engine.
WARNING: [Synth 8-3332] Sequential element (B4/C6/and_out_reg_reg) is unused and will be removed from module sorting_engine.
WARNING: [Synth 8-3332] Sequential element (B4/C7/next_reg_reg) is unused and will be removed from module sorting_engine.
WARNING: [Synth 8-3332] Sequential element (B4/C7/and_out_reg_reg) is unused and will be removed from module sorting_engine.
WARNING: [Synth 8-3332] Sequential element (B4/C8/next_reg_reg) is unused and will be removed from module sorting_engine.
WARNING: [Synth 8-3332] Sequential element (B4/C8/and_out_reg_reg) is unused and will be removed from module sorting_engine.
WARNING: [Synth 8-3332] Sequential element (B5/C1/next_reg_reg) is unused and will be removed from module sorting_engine.
WARNING: [Synth 8-3332] Sequential element (B5/C1/and_out_reg_reg) is unused and will be removed from module sorting_engine.
WARNING: [Synth 8-3332] Sequential element (B5/C2/next_reg_reg) is unused and will be removed from module sorting_engine.
WARNING: [Synth 8-3332] Sequential element (B5/C2/and_out_reg_reg) is unused and will be removed from module sorting_engine.
WARNING: [Synth 8-3332] Sequential element (B5/C3/next_reg_reg) is unused and will be removed from module sorting_engine.
WARNING: [Synth 8-3332] Sequential element (B5/C3/and_out_reg_reg) is unused and will be removed from module sorting_engine.
WARNING: [Synth 8-3332] Sequential element (B5/C4/next_reg_reg) is unused and will be removed from module sorting_engine.
WARNING: [Synth 8-3332] Sequential element (B5/C4/and_out_reg_reg) is unused and will be removed from module sorting_engine.
WARNING: [Synth 8-3332] Sequential element (B5/C5/next_reg_reg) is unused and will be removed from module sorting_engine.
WARNING: [Synth 8-3332] Sequential element (B5/C5/and_out_reg_reg) is unused and will be removed from module sorting_engine.
WARNING: [Synth 8-3332] Sequential element (B5/C6/next_reg_reg) is unused and will be removed from module sorting_engine.
WARNING: [Synth 8-3332] Sequential element (B5/C6/and_out_reg_reg) is unused and will be removed from module sorting_engine.
WARNING: [Synth 8-3332] Sequential element (B5/C7/next_reg_reg) is unused and will be removed from module sorting_engine.
WARNING: [Synth 8-3332] Sequential element (B5/C7/and_out_reg_reg) is unused and will be removed from module sorting_engine.
WARNING: [Synth 8-3332] Sequential element (B5/C8/next_reg_reg) is unused and will be removed from module sorting_engine.
WARNING: [Synth 8-3332] Sequential element (B5/C8/and_out_reg_reg) is unused and will be removed from module sorting_engine.
WARNING: [Synth 8-3332] Sequential element (B6/C1/next_reg_reg) is unused and will be removed from module sorting_engine.
WARNING: [Synth 8-3332] Sequential element (B6/C1/and_out_reg_reg) is unused and will be removed from module sorting_engine.
INFO: [Common 17-14] Message 'Synth 8-3332' appears 100 times and further instances of the messages will be disabled. Use the Tcl command set_msg_config to change the current settings.
---------------------------------------------------------------------------------
Finished Technology Mapping : Time (s): cpu = 00:00:14 ; elapsed = 00:00:24 . Memory (MB): peak = 1211.230 ; gain = 737.152
---------------------------------------------------------------------------------
---------------------------------------------------------------------------------
Start IO Insertion
---------------------------------------------------------------------------------
---------------------------------------------------------------------------------
Start Flattening Before IO Insertion
---------------------------------------------------------------------------------
---------------------------------------------------------------------------------
Finished Flattening Before IO Insertion
---------------------------------------------------------------------------------
---------------------------------------------------------------------------------
Start Final Netlist Cleanup
---------------------------------------------------------------------------------
---------------------------------------------------------------------------------
Finished Final Netlist Cleanup
---------------------------------------------------------------------------------
---------------------------------------------------------------------------------
Finished IO Insertion : Time (s): cpu = 00:00:19 ; elapsed = 00:00:29 . Memory (MB): peak = 1211.230 ; gain = 737.152
---------------------------------------------------------------------------------
---------------------------------------------------------------------------------
Start Renaming Generated Instances
---------------------------------------------------------------------------------
---------------------------------------------------------------------------------
Finished Renaming Generated Instances : Time (s): cpu = 00:00:19 ; elapsed = 00:00:29 . Memory (MB): peak = 1211.230 ; gain = 737.152
---------------------------------------------------------------------------------
---------------------------------------------------------------------------------
Start Rebuilding User Hierarchy
---------------------------------------------------------------------------------
---------------------------------------------------------------------------------
Finished Rebuilding User Hierarchy : Time (s): cpu = 00:00:19 ; elapsed = 00:00:29 . Memory (MB): peak = 1211.230 ; gain = 737.152
---------------------------------------------------------------------------------
---------------------------------------------------------------------------------
Start Renaming Generated Ports
---------------------------------------------------------------------------------
---------------------------------------------------------------------------------
Finished Renaming Generated Ports : Time (s): cpu = 00:00:19 ; elapsed = 00:00:29 . Memory (MB): peak = 1211.230 ; gain = 737.152
---------------------------------------------------------------------------------
---------------------------------------------------------------------------------
Start Handling Custom Attributes
---------------------------------------------------------------------------------
---------------------------------------------------------------------------------
Finished Handling Custom Attributes : Time (s): cpu = 00:00:19 ; elapsed = 00:00:29 . Memory (MB): peak = 1211.230 ; gain = 737.152
---------------------------------------------------------------------------------
---------------------------------------------------------------------------------
Start Renaming Generated Nets
---------------------------------------------------------------------------------
---------------------------------------------------------------------------------
Finished Renaming Generated Nets : Time (s): cpu = 00:00:19 ; elapsed = 00:00:29 . Memory (MB): peak = 1211.230 ; gain = 737.152
---------------------------------------------------------------------------------
---------------------------------------------------------------------------------
Start Writing Synthesis Report
---------------------------------------------------------------------------------

Report BlackBoxes: 
+-+--------------+----------+
| |BlackBox name |Instances |
+-+--------------+----------+
+-+--------------+----------+

Report Cell Usage: 
+------+-----+------+
|      |Cell |Count |
+------+-----+------+
|1     |BUFG |     1|
|2     |LUT2 |     1|
|3     |FDPE |     1|
|4     |IBUF |     3|
|5     |OBUF |     5|
+------+-----+------+

Report Instance Areas: 
+------+---------+-------+------+
|      |Instance |Module |Cells |
+------+---------+-------+------+
|1     |top      |       |    11|
+------+---------+-------+------+
---------------------------------------------------------------------------------
Finished Writing Synthesis Report : Time (s): cpu = 00:00:19 ; elapsed = 00:00:29 . Memory (MB): peak = 1211.230 ; gain = 737.152
---------------------------------------------------------------------------------
Synthesis finished with 0 errors, 63 critical warnings and 2573 warnings.
Synthesis Optimization Runtime : Time (s): cpu = 00:00:19 ; elapsed = 00:00:29 . Memory (MB): peak = 1211.230 ; gain = 737.152
Synthesis Optimization Complete : Time (s): cpu = 00:00:19 ; elapsed = 00:00:29 . Memory (MB): peak = 1211.230 ; gain = 737.152
INFO: [Project 1-571] Translating synthesized netlist
Netlist sorting complete. Time (s): cpu = 00:00:00 ; elapsed = 00:00:00 . Memory (MB): peak = 1223.301 ; gain = 0.000
INFO: [Project 1-570] Preparing netlist for logic optimization
INFO: [Opt 31-138] Pushed 0 inverter(s) to 0 load pin(s).
Netlist sorting complete. Time (s): cpu = 00:00:00 ; elapsed = 00:00:00 . Memory (MB): peak = 1316.145 ; gain = 0.000
INFO: [Project 1-111] Unisim Transformation Summary:
No Unisim elements were transformed.

The system cannot find the path specified.
Synth Design complete | Checksum: 8ec2e1ea
INFO: [Common 17-83] Releasing license: Synthesis
33 Infos, 209 Warnings, 63 Critical Warnings and 0 Errors encountered.
synth_design completed successfully
synth_design: Time (s): cpu = 00:00:20 ; elapsed = 00:00:31 . Memory (MB): peak = 1316.145 ; gain = 846.027
INFO: [runtcl-6] Synthesis results are not added to the cache due to CRITICAL_WARNING
Write ShapeDB Complete: Time (s): cpu = 00:00:00 ; elapsed = 00:00:00 . Memory (MB): peak = 1316.145 ; gain = 0.000
INFO: [Common 17-1381] The checkpoint 'D:/CHACKS/comp_free_sort-29-09-24/comp_free_sort.runs/synth_1/sorting_engine.dcp' has been generated.
INFO: [runtcl-4] Executing : report_utilization -file sorting_engine_utilization_synth.rpt -pb sorting_engine_utilization_synth.pb
INFO: [Common 17-206] Exiting Vivado at Tue Oct  1 06:40:37 2024...
